Using pre-set license

 COMMAND LINE ARGUMENTS:
/Applications/Unity/Hub/Editor/2021.1.6f1/Unity.app/Contents/MacOS/Unity
-adb2
-batchMode
-noUpm
-name
AssetImportWorker0
-projectPath
/Users/edwardcox/crypto/encode/cryptoJenga/TowerStack/My project
-logFile
Logs/AssetImportWorker0.log
-srvPort
50434
Successfully changed project path to: /Users/edwardcox/crypto/encode/cryptoJenga/TowerStack/My project
/Users/edwardcox/crypto/encode/cryptoJenga/TowerStack/My project
Using Asset Import Pipeline V2.
Refreshing native plugins compatible for Editor in 94.67 ms, found 1 plugins.
Preloading 0 native plugins for Editor in 0.00 ms.
Initialize engine version: 2021.1.6f1 (c0fade0cc7e9)
[Subsystems] Discovering subsystems at path /Applications/Unity/Hub/Editor/2021.1.6f1/Unity.app/Contents/Resources/UnitySubsystems
[Subsystems] Discovering subsystems at path /Users/edwardcox/crypto/encode/cryptoJenga/TowerStack/My project/Assets
GfxDevice: creating device client; threaded=0; jobified=0
2022-08-11 08:49:15.539 Unity[2841:71885] Color LCD preferred device: AMD Radeon R9 M370X (high power)
2022-08-11 08:49:15.539 Unity[2841:71885] Metal devices available: 2
2022-08-11 08:49:15.539 Unity[2841:71885] 0: AMD Radeon R9 M370X (high power)
2022-08-11 08:49:15.539 Unity[2841:71885] 1: Intel Iris Pro Graphics (low power)
2022-08-11 08:49:15.540 Unity[2841:71885] Using device AMD Radeon R9 M370X (high power)
Initializing Metal device caps: AMD Radeon R9 M370X
Initialize mono
Mono path[0] = '/Applications/Unity/Hub/Editor/2021.1.6f1/Unity.app/Contents/Managed'
Mono path[1] = '/Applications/Unity/Hub/Editor/2021.1.6f1/Unity.app/Contents/MonoBleedingEdge/lib/mono/unityjit'
Mono config path = '/Applications/Unity/Hub/Editor/2021.1.6f1/Unity.app/Contents/MonoBleedingEdge/etc'
Using monoOptions --debugger-agent=transport=dt_socket,embedding=1,server=y,suspend=n,address=127.0.0.1:56841
Begin MonoManager ReloadAssembly
Registering precompiled unity dll's ...
Register platform support module: /Applications/Unity/Hub/Editor/2021.1.6f1/PlaybackEngines/WebGLSupport/UnityEditor.WebGL.Extensions.dll
Register platform support module: /Applications/Unity/Hub/Editor/2021.1.6f1/Unity.app/Contents/PlaybackEngines/MacStandaloneSupport/UnityEditor.OSXStandalone.Extensions.dll
Registered in 0.000523 seconds.
Native extension for OSXStandalone target not found
Native extension for WebGL target not found
Refreshing native plugins compatible for Editor in 100.52 ms, found 1 plugins.
Preloading 0 native plugins for Editor in 0.00 ms.
Mono: successfully reloaded assembly
- Completed reload, in  2.877 seconds
Platform modules already initialized, skipping
Registering precompiled user dll's ...
Registered in 0.002587 seconds.
Begin MonoManager ReloadAssembly
Native extension for OSXStandalone target not found
Native extension for WebGL target not found
Refreshing native plugins compatible for Editor in 0.69 ms, found 1 plugins.
Preloading 0 native plugins for Editor in 0.00 ms.
Mono: successfully reloaded assembly
- Completed reload, in  1.463 seconds
Platform modules already initialized, skipping
========================================================================
Worker process is ready to serve import requests
Launching external process: /Applications/Unity/Hub/Editor/2021.1.6f1/Unity.app/Contents/Tools/UnityShaderCompiler
Launched and connected shader compiler UnityShaderCompiler after 0.02 seconds
Refreshing native plugins compatible for Editor in 0.62 ms, found 1 plugins.
Preloading 0 native plugins for Editor in 0.00 ms.
Unloading 2776 Unused Serialized files (Serialized files now loaded: 0)
System memory in use before: 183.8 MB.
System memory in use after: 184.0 MB.

Unloading 24 unused Assets to reduce memory usage. Loaded Objects now: 3221.
Total: 2.845786 ms (FindLiveObjects: 0.306149 ms CreateObjectMapping: 0.137078 ms MarkObjects: 2.332785 ms  DeleteObjects: 0.068026 ms)

========================================================================
Received Import Request.
  path: Assets/Web3Unity/Scenes/WebLogin.unity
  artifactKey: Guid(045dd801cbbe14ac89877278ec16a62a) Importer(815301076,1909f56bfc062723c751e8b465ee728b)
Start importing Assets/Web3Unity/Scenes/WebLogin.unity using Guid(045dd801cbbe14ac89877278ec16a62a) Importer(815301076,1909f56bfc062723c751e8b465ee728b)  -> (artifact id: '494193847583416f84a8c0fdaf61abe7') in 0.017294 seconds 
========================================================================
Received Prepare
Refreshing native plugins compatible for Editor in 2.52 ms, found 1 plugins.
Preloading 0 native plugins for Editor in 0.00 ms.
Unloading 17 Unused Serialized files (Serialized files now loaded: 0)
System memory in use before: 129.1 MB.
System memory in use after: 129.4 MB.

Unloading 17 unused Assets to reduce memory usage. Loaded Objects now: 3221.
Total: 2.932941 ms (FindLiveObjects: 0.304502 ms CreateObjectMapping: 0.120340 ms MarkObjects: 2.491950 ms  DeleteObjects: 0.015052 ms)

